<?xml version="1.0" encoding="UTF-8"?>
<!-- Generated by org.testng.reporters.JUnitXMLReporter -->
<testsuite ignored="0" hostname="BELAKOR-PCW10" failures="0" tests="4" name="Test" time="0.036" errors="0" timestamp="2021-08-22T13:29:58 CEST">
  <testcase classname="FrameworkTutorialPart3_22.Mavenjava.AppiumTest" name="IOSApps" time="0.003"/>
  <testcase classname="FrameworkTutorialPart3_22.Mavenjava.AppiumTest" name="NativeAppAndroid" time="0.0"/>
  <testcase classname="FrameworkTutorialPart3_22.Mavenjava.SeleniumTest" name="BrowserAutomation" time="0.0"/>
  <testcase classname="FrameworkTutorialPart3_22.Mavenjava.SeleniumTest" name="elementsUI" time="0.0"/>
</testsuite> <!-- Test -->
