<?xml version="1.0" encoding="UTF-8"?>
<testng-results ignored="0" total="4" passed="4" failed="0" skipped="0">
  <reporter-output>
  </reporter-output>
  <suite started-at="2021-08-22T13:29:58 CEST" name="Suite" finished-at="2021-08-22T13:29:58 CEST" duration-ms="36">
    <groups>
    </groups>
    <test started-at="2021-08-22T13:29:58 CEST" name="Test" finished-at="2021-08-22T13:29:58 CEST" duration-ms="36">
      <class name="FrameworkTutorialPart3_22.Mavenjava.AppiumTest">
        <test-method signature="IOSApps()[pri:0, instance:FrameworkTutorialPart3_22.Mavenjava.AppiumTest@4fe767f3]" started-at="2021-08-22T13:29:58 CEST" name="IOSApps" finished-at="2021-08-22T13:29:58 CEST" duration-ms="3" status="PASS">
          <reporter-output>
          </reporter-output>
        </test-method> <!-- IOSApps -->
        <test-method signature="NativeAppAndroid()[pri:0, instance:FrameworkTutorialPart3_22.Mavenjava.AppiumTest@4fe767f3]" started-at="2021-08-22T13:29:58 CEST" name="NativeAppAndroid" finished-at="2021-08-22T13:29:58 CEST" duration-ms="0" status="PASS">
          <reporter-output>
          </reporter-output>
        </test-method> <!-- NativeAppAndroid -->
      </class> <!-- FrameworkTutorialPart3_22.Mavenjava.AppiumTest -->
      <class name="FrameworkTutorialPart3_22.Mavenjava.SeleniumTest">
        <test-method signature="BrowserAutomation()[pri:0, instance:FrameworkTutorialPart3_22.Mavenjava.SeleniumTest@4c1d9d4b]" started-at="2021-08-22T13:29:58 CEST" name="BrowserAutomation" finished-at="2021-08-22T13:29:58 CEST" duration-ms="0" status="PASS">
          <reporter-output>
          </reporter-output>
        </test-method> <!-- BrowserAutomation -->
        <test-method signature="elementsUI()[pri:0, instance:FrameworkTutorialPart3_22.Mavenjava.SeleniumTest@4c1d9d4b]" started-at="2021-08-22T13:29:58 CEST" name="elementsUI" finished-at="2021-08-22T13:29:58 CEST" duration-ms="0" status="PASS">
          <reporter-output>
          </reporter-output>
        </test-method> <!-- elementsUI -->
      </class> <!-- FrameworkTutorialPart3_22.Mavenjava.SeleniumTest -->
    </test> <!-- Test -->
  </suite> <!-- Suite -->
</testng-results>
